[2025-11-28T07:13:12.153Z] [INFO] [GET_INSP_LOT] Sync request started | {"plant":"2000","username":"auto_email","dispo":"GA1"}
[2025-11-28T07:13:12.156Z] [DEBUG] [SAP_CLIENT] Creating SAP client config | {"username":"auto_email","host":"192.168.254.154"}
[2025-11-28T07:13:12.162Z] [DEBUG] [GET_INSP_LOT] Connecting to SAP... 
[2025-11-28T07:13:26.649Z] [INFO] [GET_INSP_LOT] SAP Data Fetched | {"inspLots":15,"components":13}
[2025-11-28T07:13:26.651Z] [DEBUG] [GET_INSP_LOT] Starting DB Transaction 
[2025-11-28T07:13:26.671Z] [ERROR] [GET_INSP_LOT] Process Failed | [object Object]
[2025-11-28T07:16:57.568Z] [INFO] [SERVER] Server started on http://0.0.0.0:4003 
[2025-11-28T07:17:14.223Z] [INFO] [GET_INSP_LOT] Sync request started | {"plant":"2000","username":"auto_email","dispo":"GA1"}
[2025-11-28T07:17:14.227Z] [DEBUG] [SAP_CLIENT] Creating SAP client config | {"username":"auto_email","host":"192.168.254.154"}
[2025-11-28T07:17:14.269Z] [DEBUG] [GET_INSP_LOT] Connecting to SAP... 
[2025-11-28T07:17:29.085Z] [INFO] [GET_INSP_LOT] SAP Data Fetched | {"inspLots":19,"components":17}
[2025-11-28T07:17:29.087Z] [DEBUG] [GET_INSP_LOT] Starting DB Transaction 
[2025-11-28T07:17:29.169Z] [ERROR] [GET_INSP_LOT] Process Failed | {"message":"Unknown database 'inspection_app'","code":"ER_BAD_DB_ERROR","sqlMessage":"Unknown database 'inspection_app'"}
[2025-11-28T07:18:05.720Z] [INFO] [GET_INSP_LOT] Sync request started | {"plant":"2000","username":"auto_email","dispo":"GA1"}
[2025-11-28T07:18:05.720Z] [DEBUG] [SAP_CLIENT] Creating SAP client config | {"username":"auto_email","host":"192.168.254.154"}
[2025-11-28T07:18:05.722Z] [DEBUG] [GET_INSP_LOT] Connecting to SAP... 
[2025-11-28T07:18:20.559Z] [INFO] [GET_INSP_LOT] SAP Data Fetched | {"inspLots":19,"components":17}
[2025-11-28T07:18:20.560Z] [DEBUG] [GET_INSP_LOT] Starting DB Transaction 
[2025-11-28T07:18:20.585Z] [ERROR] [GET_INSP_LOT] Process Failed | {"message":"Unknown database 'inspection_app'","code":"ER_BAD_DB_ERROR","sqlMessage":"Unknown database 'inspection_app'"}
[2025-11-28T07:18:39.249Z] [INFO] [SERVER] Server started on http://0.0.0.0:4003 
[2025-11-28T07:18:47.131Z] [INFO] [GET_INSP_LOT] Sync request started | {"plant":"2000","username":"auto_email","dispo":"GA1"}
[2025-11-28T07:18:47.132Z] [DEBUG] [SAP_CLIENT] Creating SAP client config | {"username":"auto_email","host":"192.168.254.154"}
[2025-11-28T07:18:47.169Z] [DEBUG] [GET_INSP_LOT] Connecting to SAP... 
[2025-11-28T07:18:59.503Z] [INFO] [GET_INSP_LOT] SAP Data Fetched | {"inspLots":19,"components":17}
[2025-11-28T07:18:59.504Z] [DEBUG] [GET_INSP_LOT] Starting DB Transaction 
[2025-11-28T07:18:59.578Z] [DEBUG] [GET_INSP_LOT] Cleaning old Inspection Lots | {"plant":"2000","dispo":"GA1"}
[2025-11-28T07:18:59.640Z] [DEBUG] [GET_INSP_LOT] Inserted 19 Inspection Lots 
[2025-11-28T07:18:59.645Z] [DEBUG] [GET_INSP_LOT] Cleaning old Components by AUFNR | {"count":19}
[2025-11-28T07:18:59.668Z] [DEBUG] [GET_INSP_LOT] Inserted 17 Components 
[2025-11-28T07:18:59.684Z] [SUCCESS] [GET_INSP_LOT] Sync Completed Successfully 
[2025-11-28T08:11:33.106Z] [INFO] [GET_INSP_LOT] Sync request started | {"plant":"2000","username":"auto_email","dispo":"GA1"}
[2025-11-28T08:11:33.120Z] [DEBUG] [SAP_CLIENT] Creating SAP client config | {"username":"auto_email","host":"192.168.254.154"}
[2025-11-28T08:11:33.131Z] [DEBUG] [GET_INSP_LOT] Connecting to SAP... 
[2025-11-28T08:11:36.178Z] [INFO] [GET_INSP_LOT] SAP Data Fetched | {"inspLots":19,"components":17}
[2025-11-28T08:11:36.180Z] [DEBUG] [GET_INSP_LOT] Starting DB Transaction 
[2025-11-28T08:11:36.208Z] [DEBUG] [GET_INSP_LOT] Cleaning old Inspection Lots | {"plant":"2000","dispo":"GA1"}
[2025-11-28T08:11:36.260Z] [DEBUG] [GET_INSP_LOT] Inserted 19 Inspection Lots 
[2025-11-28T08:11:36.261Z] [DEBUG] [GET_INSP_LOT] Cleaning old Components by AUFNR | {"count":19}
[2025-11-28T08:11:36.268Z] [DEBUG] [GET_INSP_LOT] Inserted 17 Components 
[2025-11-28T08:11:36.278Z] [SUCCESS] [GET_INSP_LOT] Sync Completed Successfully 
[2025-11-28T08:11:54.031Z] [INFO] [USAGE_DECISION] [UD 040000682513] Req received. Plant: 2000, NIK: 10000424 
[2025-11-28T08:11:54.087Z] [DEBUG] [SAP_CLIENT] Creating SAP client config | {"username":"auto_email","host":"192.168.254.154"}
[2025-11-28T08:11:55.005Z] [WARN] [USAGE_DECISION] [UD 040000682513] Finished. Success: false, Msg: Error: Access to inspection lot 040000682513 is not allowed 
[2025-11-28T08:11:56.149Z] [INFO] [GET_INSP_LOT] Sync request started | {"plant":"2000","username":"auto_email","dispo":"GA1"}
[2025-11-28T08:11:56.155Z] [DEBUG] [SAP_CLIENT] Creating SAP client config | {"username":"auto_email","host":"192.168.254.154"}
[2025-11-28T08:11:56.157Z] [DEBUG] [GET_INSP_LOT] Connecting to SAP... 
[2025-11-28T08:11:58.720Z] [INFO] [GET_INSP_LOT] SAP Data Fetched | {"inspLots":19,"components":17}
[2025-11-28T08:11:58.724Z] [DEBUG] [GET_INSP_LOT] Starting DB Transaction 
[2025-11-28T08:11:58.735Z] [DEBUG] [GET_INSP_LOT] Cleaning old Inspection Lots | {"plant":"2000","dispo":"GA1"}
[2025-11-28T08:11:58.761Z] [DEBUG] [GET_INSP_LOT] Inserted 19 Inspection Lots 
[2025-11-28T08:11:58.769Z] [DEBUG] [GET_INSP_LOT] Cleaning old Components by AUFNR | {"count":19}
[2025-11-28T08:11:58.796Z] [DEBUG] [GET_INSP_LOT] Inserted 17 Components 
[2025-11-28T08:11:58.812Z] [SUCCESS] [GET_INSP_LOT] Sync Completed Successfully 
[2025-11-28T08:12:24.391Z] [INFO] [USAGE_DECISION] [UD 040000682514] Req received. Plant: 2000, NIK: 10000424 
[2025-11-28T08:12:24.395Z] [DEBUG] [SAP_CLIENT] Creating SAP client config | {"username":"auto_email","host":"192.168.254.154"}
[2025-11-28T08:12:25.211Z] [WARN] [USAGE_DECISION] [UD 040000682514] Finished. Success: false, Msg: Error: Access to inspection lot 040000682514 is not allowed 
[2025-11-28T08:12:25.886Z] [INFO] [GET_INSP_LOT] Sync request started | {"plant":"2000","username":"auto_email","dispo":"GA1"}
[2025-11-28T08:12:25.887Z] [DEBUG] [SAP_CLIENT] Creating SAP client config | {"username":"auto_email","host":"192.168.254.154"}
[2025-11-28T08:12:25.888Z] [DEBUG] [GET_INSP_LOT] Connecting to SAP... 
[2025-11-28T08:12:29.795Z] [INFO] [GET_INSP_LOT] SAP Data Fetched | {"inspLots":19,"components":17}
[2025-11-28T08:12:29.796Z] [DEBUG] [GET_INSP_LOT] Starting DB Transaction 
[2025-11-28T08:12:29.798Z] [DEBUG] [GET_INSP_LOT] Cleaning old Inspection Lots | {"plant":"2000","dispo":"GA1"}
[2025-11-28T08:12:29.804Z] [DEBUG] [GET_INSP_LOT] Inserted 19 Inspection Lots 
[2025-11-28T08:12:29.806Z] [DEBUG] [GET_INSP_LOT] Cleaning old Components by AUFNR | {"count":19}
[2025-11-28T08:12:29.840Z] [DEBUG] [GET_INSP_LOT] Inserted 17 Components 
[2025-11-28T08:12:29.846Z] [SUCCESS] [GET_INSP_LOT] Sync Completed Successfully 
[2025-11-28T08:14:02.042Z] [INFO] [GET_INSP_LOT] Sync request started | {"plant":"2000","username":"auto_email","dispo":"GA1"}
[2025-11-28T08:14:02.044Z] [DEBUG] [SAP_CLIENT] Creating SAP client config | {"username":"auto_email","host":"192.168.254.154"}
[2025-11-28T08:14:02.045Z] [DEBUG] [GET_INSP_LOT] Connecting to SAP... 
[2025-11-28T08:14:05.531Z] [INFO] [GET_INSP_LOT] SAP Data Fetched | {"inspLots":19,"components":17}
[2025-11-28T08:14:05.533Z] [DEBUG] [GET_INSP_LOT] Starting DB Transaction 
[2025-11-28T08:14:05.535Z] [DEBUG] [GET_INSP_LOT] Cleaning old Inspection Lots | {"plant":"2000","dispo":"GA1"}
[2025-11-28T08:14:05.559Z] [DEBUG] [GET_INSP_LOT] Inserted 19 Inspection Lots 
[2025-11-28T08:14:05.560Z] [DEBUG] [GET_INSP_LOT] Cleaning old Components by AUFNR | {"count":19}
[2025-11-28T08:14:05.565Z] [DEBUG] [GET_INSP_LOT] Inserted 17 Components 
[2025-11-28T08:14:05.568Z] [SUCCESS] [GET_INSP_LOT] Sync Completed Successfully 
[2025-11-28T08:14:06.178Z] [INFO] [GET_INSP_LOT] Sync request started | {"plant":"2000","username":"auto_email","dispo":"GA1"}
[2025-11-28T08:14:06.179Z] [DEBUG] [SAP_CLIENT] Creating SAP client config | {"username":"auto_email","host":"192.168.254.154"}
[2025-11-28T08:14:06.180Z] [DEBUG] [GET_INSP_LOT] Connecting to SAP... 
[2025-11-28T08:14:09.767Z] [INFO] [GET_INSP_LOT] SAP Data Fetched | {"inspLots":19,"components":17}
[2025-11-28T08:14:09.769Z] [DEBUG] [GET_INSP_LOT] Starting DB Transaction 
[2025-11-28T08:14:09.770Z] [DEBUG] [GET_INSP_LOT] Cleaning old Inspection Lots | {"plant":"2000","dispo":"GA1"}
[2025-11-28T08:14:09.777Z] [DEBUG] [GET_INSP_LOT] Inserted 19 Inspection Lots 
[2025-11-28T08:14:09.778Z] [DEBUG] [GET_INSP_LOT] Cleaning old Components by AUFNR | {"count":19}
[2025-11-28T08:14:09.783Z] [DEBUG] [GET_INSP_LOT] Inserted 17 Components 
[2025-11-28T08:14:09.787Z] [SUCCESS] [GET_INSP_LOT] Sync Completed Successfully 
[2025-11-28T08:14:19.481Z] [INFO] [USAGE_DECISION] [UD 040000682513] Req received. Plant: 2000, NIK: 10000424 
[2025-11-28T08:14:19.485Z] [DEBUG] [SAP_CLIENT] Creating SAP client config | {"username":"auto_email","host":"192.168.254.154"}
[2025-11-28T08:14:19.783Z] [WARN] [USAGE_DECISION] [UD 040000682513] Finished. Success: false, Msg: Error: Access to inspection lot 040000682513 is not allowed 
[2025-11-28T08:14:21.219Z] [INFO] [GET_INSP_LOT] Sync request started | {"plant":"2000","username":"auto_email","dispo":"GA1"}
[2025-11-28T08:14:21.224Z] [DEBUG] [SAP_CLIENT] Creating SAP client config | {"username":"auto_email","host":"192.168.254.154"}
[2025-11-28T08:14:21.227Z] [DEBUG] [GET_INSP_LOT] Connecting to SAP... 
[2025-11-28T08:14:24.275Z] [INFO] [GET_INSP_LOT] SAP Data Fetched | {"inspLots":19,"components":17}
[2025-11-28T08:14:24.280Z] [DEBUG] [GET_INSP_LOT] Starting DB Transaction 
[2025-11-28T08:14:24.284Z] [DEBUG] [GET_INSP_LOT] Cleaning old Inspection Lots | {"plant":"2000","dispo":"GA1"}
[2025-11-28T08:14:24.341Z] [DEBUG] [GET_INSP_LOT] Inserted 19 Inspection Lots 
[2025-11-28T08:14:24.343Z] [DEBUG] [GET_INSP_LOT] Cleaning old Components by AUFNR | {"count":19}
[2025-11-28T08:14:24.362Z] [DEBUG] [GET_INSP_LOT] Inserted 17 Components 
[2025-11-28T08:14:24.374Z] [SUCCESS] [GET_INSP_LOT] Sync Completed Successfully 
[2025-11-28T08:19:22.958Z] [INFO] [GET_INSP_LOT] Sync request started | {"plant":"2000","username":"auto_email","dispo":"GA1"}
[2025-11-28T08:19:22.963Z] [DEBUG] [SAP_CLIENT] Creating SAP client config | {"username":"auto_email","host":"192.168.254.154"}
[2025-11-28T08:19:22.964Z] [DEBUG] [GET_INSP_LOT] Connecting to SAP... 
[2025-11-28T08:19:27.683Z] [INFO] [GET_INSP_LOT] SAP Data Fetched | {"inspLots":19,"components":17}
[2025-11-28T08:19:27.687Z] [DEBUG] [GET_INSP_LOT] Starting DB Transaction 
[2025-11-28T08:19:27.692Z] [DEBUG] [GET_INSP_LOT] Cleaning old Inspection Lots | {"plant":"2000","dispo":"GA1"}
[2025-11-28T08:19:27.729Z] [DEBUG] [GET_INSP_LOT] Inserted 19 Inspection Lots 
[2025-11-28T08:19:27.730Z] [DEBUG] [GET_INSP_LOT] Cleaning old Components by AUFNR | {"count":19}
[2025-11-28T08:19:27.740Z] [DEBUG] [GET_INSP_LOT] Inserted 17 Components 
[2025-11-28T08:19:27.748Z] [SUCCESS] [GET_INSP_LOT] Sync Completed Successfully 
[2025-11-28T08:53:45.603Z] [INFO] [SAP_LOGIN] Login attempt | {"username":"ABAPER01"}
[2025-11-28T08:53:45.609Z] [DEBUG] [SAP_CLIENT] Creating SAP client config | {"username":"ABAPER01","host":"192.168.254.154"}
[2025-11-28T08:53:45.950Z] [SUCCESS] [SAP_LOGIN] Login successful | {"username":"ABAPER01"}
[2025-11-28T08:54:15.939Z] [INFO] [SAP_LOGIN] Login attempt | {"username":"ABAPER01"}
[2025-11-28T08:54:15.941Z] [DEBUG] [SAP_CLIENT] Creating SAP client config | {"username":"ABAPER01","host":"192.168.254.154"}
[2025-11-28T08:54:16.220Z] [SUCCESS] [SAP_LOGIN] Login successful | {"username":"ABAPER01"}
[2025-11-28T08:55:43.278Z] [INFO] [SAP_LOGIN] Login attempt | {"username":"auto_email"}
[2025-11-28T08:55:43.280Z] [DEBUG] [SAP_CLIENT] Creating SAP client config | {"username":"auto_email","host":"192.168.254.154"}
[2025-11-28T08:55:43.671Z] [SUCCESS] [SAP_LOGIN] Login successful | {"username":"auto_email"}
[2025-11-28T08:59:41.679Z] [INFO] [SAP_LOGIN] Login attempt | {"username":"KMI-U124"}
[2025-11-28T08:59:41.681Z] [DEBUG] [SAP_CLIENT] Creating SAP client config | {"username":"KMI-U124","host":"192.168.254.154"}
[2025-11-28T08:59:42.067Z] [SUCCESS] [SAP_LOGIN] Login successful | {"username":"KMI-U124"}
[2025-11-28T09:00:19.789Z] [INFO] [SAP_LOGIN] Login attempt | {"username":"KMI-U124"}
[2025-11-28T09:00:19.791Z] [DEBUG] [SAP_CLIENT] Creating SAP client config | {"username":"KMI-U124","host":"192.168.254.154"}
[2025-11-28T09:00:20.468Z] [ERROR] [SAP_LOGIN] Login failed | {"name":"RfcLibError","group":3,"code":2,"codeString":"RFC_LOGON_FAILURE","key":"RFC_LOGON_FAILURE","message":"Name or password is incorrect (repeat logon)"}
[2025-11-28T09:00:28.988Z] [INFO] [SAP_LOGIN] Login attempt | {"username":"KMI-U124"}
[2025-11-28T09:00:28.990Z] [DEBUG] [SAP_CLIENT] Creating SAP client config | {"username":"KMI-U124","host":"192.168.254.154"}
[2025-11-28T09:00:29.247Z] [ERROR] [SAP_LOGIN] Login failed | {"name":"RfcLibError","group":3,"code":2,"codeString":"RFC_LOGON_FAILURE","key":"RFC_LOGON_FAILURE","message":"Name or password is incorrect (repeat logon)"}
[2025-11-28T09:01:32.746Z] [INFO] [SAP_LOGIN] Login attempt | {"username":"KMI-U124"}
[2025-11-28T09:01:32.747Z] [DEBUG] [SAP_CLIENT] Creating SAP client config | {"username":"KMI-U124","host":"192.168.254.154"}
[2025-11-28T09:01:33.283Z] [SUCCESS] [SAP_LOGIN] Login successful | {"username":"KMI-U124"}
[2025-11-28T09:10:56.001Z] [INFO] [SAP_LOGIN] Login attempt | {"username":"KMI-U124"}
[2025-11-28T09:10:56.006Z] [DEBUG] [SAP_CLIENT] Creating SAP client config | {"username":"KMI-U124","host":"192.168.254.154"}
[2025-11-28T09:10:56.465Z] [SUCCESS] [SAP_LOGIN] Login successful | {"username":"KMI-U124"}
[2025-11-28T09:13:46.555Z] [INFO] [SAP_LOGIN] Login attempt | {"username":"KMI-U124"}
[2025-11-28T09:13:46.556Z] [DEBUG] [SAP_CLIENT] Creating SAP client config | {"username":"KMI-U124","host":"192.168.254.154"}
[2025-11-28T09:13:46.850Z] [ERROR] [SAP_LOGIN] Login failed | {"name":"RfcLibError","group":3,"code":2,"codeString":"RFC_LOGON_FAILURE","key":"RFC_LOGON_FAILURE","message":"Name or password is incorrect (repeat logon)"}
[2025-11-28T09:13:57.523Z] [INFO] [SAP_LOGIN] Login attempt | {"username":"KMI-U124"}
[2025-11-28T09:13:57.525Z] [DEBUG] [SAP_CLIENT] Creating SAP client config | {"username":"KMI-U124","host":"192.168.254.154"}
[2025-11-28T09:13:57.830Z] [SUCCESS] [SAP_LOGIN] Login successful | {"username":"KMI-U124"}
[2025-11-28T09:14:04.551Z] [INFO] [GET_INSP_LOT] Sync request started | {"plant":"3000","username":"KMI-U124","dispo":"D24"}
[2025-11-28T09:14:04.553Z] [DEBUG] [SAP_CLIENT] Creating SAP client config | {"username":"KMI-U124","host":"192.168.254.154"}
[2025-11-28T09:14:04.555Z] [DEBUG] [GET_INSP_LOT] Connecting to SAP... 
[2025-11-28T09:14:06.241Z] [INFO] [GET_INSP_LOT] SAP Data Fetched | {"inspLots":0,"components":0}
[2025-11-28T09:14:06.242Z] [DEBUG] [GET_INSP_LOT] Starting DB Transaction 
[2025-11-28T09:14:06.257Z] [DEBUG] [GET_INSP_LOT] Cleaning old Inspection Lots | {"plant":"3000","dispo":"D24"}
[2025-11-28T09:14:06.265Z] [SUCCESS] [GET_INSP_LOT] Sync Completed Successfully 
[2025-11-28T09:14:11.561Z] [INFO] [GET_INSP_LOT] Sync request started | {"plant":"3000","username":"KMI-U124","dispo":"G32"}
[2025-11-28T09:14:11.564Z] [DEBUG] [SAP_CLIENT] Creating SAP client config | {"username":"KMI-U124","host":"192.168.254.154"}
[2025-11-28T09:14:11.565Z] [DEBUG] [GET_INSP_LOT] Connecting to SAP... 
[2025-11-28T09:14:12.317Z] [INFO] [GET_INSP_LOT] SAP Data Fetched | {"inspLots":0,"components":0}
[2025-11-28T09:14:12.318Z] [DEBUG] [GET_INSP_LOT] Starting DB Transaction 
[2025-11-28T09:14:12.322Z] [DEBUG] [GET_INSP_LOT] Cleaning old Inspection Lots | {"plant":"3000","dispo":"G32"}
[2025-11-28T09:14:12.328Z] [SUCCESS] [GET_INSP_LOT] Sync Completed Successfully 
[2025-11-28T09:17:05.945Z] [INFO] [SAP_LOGIN] Login attempt | {"username":"auto_email"}
[2025-11-28T09:17:05.951Z] [DEBUG] [SAP_CLIENT] Creating SAP client config | {"username":"auto_email","host":"192.168.254.154"}
[2025-11-28T09:17:06.407Z] [SUCCESS] [SAP_LOGIN] Login successful | {"username":"auto_email"}
